<?xml version="1.0" encoding="UTF-8"?>
<testsuites>
  <testsuite name="tests" tests="31" assertions="0" failures="0" errors="31" time="14.921032">
    <testsuite name="ProfileUpdateTest" file="/Users/andeladev/Code/learnanytime/tests/ProfileUpdateTest.php" tests="5" assertions="0" failures="0" errors="5" time="6.621383">
      <testcase name="testThatUserBackgroundDetailsWasUpdated" class="ProfileUpdateTest" file="/Users/andeladev/Code/learnanytime/tests/ProfileUpdateTest.php" line="9" assertions="0" time="5.335581">
        <error type="PHPUnit_Framework_ExceptionWrapper">ProfileUpdateTest::testThatUserBackgroundDetailsWasUpdated
Illuminate\Database\QueryException: SQLSTATE[HY000]: General error: 1 table users has no column named role_id (SQL: insert into "users" ("username", "email", "password", "remember_token", "role_id", "picture_url", "profile_bio", "updated_at", "created_at") values (Alaina Bechtelar, littel.richmond@gleichner.com, y$EhYGfCqse2bCScLM4IPI5OkMfCHx1ZyVxtkVTRSLbyTBdE54Ip5MW, DVvNJmKdJj, 1, http://www.lemke.com/et-sed-harum-distinctio-suscipit-ut-mollitia-magnam-voluptas.html, Ben Kuhn, 2016-05-05 14:30:44, 2016-05-05 14:30:44))

/Users/andeladev/Code/learnanytime/vendor/laravel/framework/src/Illuminate/Database/Connection.php:673
/Users/andeladev/Code/learnanytime/vendor/laravel/framework/src/Illuminate/Database/Connection.php:629
/Users/andeladev/Code/learnanytime/vendor/laravel/framework/src/Illuminate/Database/Connection.php:409
/Users/andeladev/Code/learnanytime/vendor/laravel/framework/src/Illuminate/Database/Connection.php:365
/Users/andeladev/Code/learnanytime/vendor/laravel/framework/src/Illuminate/Database/Query/Processors/Processor.php:32
/Users/andeladev/Code/learnanytime/vendor/laravel/framework/src/Illuminate/Database/Query/Builder.php:1970
/Users/andeladev/Code/learnanytime/vendor/laravel/framework/src/Illuminate/Database/Eloquent/Builder.php:1337
/Users/andeladev/Code/learnanytime/vendor/laravel/framework/src/Illuminate/Database/Eloquent/Model.php:1621
/Users/andeladev/Code/learnanytime/vendor/laravel/framework/src/Illuminate/Database/Eloquent/Model.php:1590
/Users/andeladev/Code/learnanytime/vendor/laravel/framework/src/Illuminate/Database/Eloquent/Model.php:1481
/Users/andeladev/Code/learnanytime/vendor/laravel/framework/src/Illuminate/Database/Eloquent/FactoryBuilder.php:87
/Users/andeladev/Code/learnanytime/tests/ProfileUpdateTest.php:11
/Users/andeladev/.composer/vendor/phpunit/phpunit/src/TextUI/Command.php:158
/Users/andeladev/.composer/vendor/phpunit/phpunit/src/TextUI/Command.php:109
</error>
      </testcase>
      <testcase name="testThatUserBackgroundDetailsIsMissing" class="ProfileUpdateTest" file="/Users/andeladev/Code/learnanytime/tests/ProfileUpdateTest.php" line="20" assertions="0" time="0.322212">
        <error type="PHPUnit_Framework_ExceptionWrapper">ProfileUpdateTest::testThatUserBackgroundDetailsIsMissing
Illuminate\Database\QueryException: SQLSTATE[HY000]: General error: 1 table users has no column named role_id (SQL: insert into "users" ("username", "email", "password", "remember_token", "role_id", "picture_url", "profile_bio", "updated_at", "created_at") values (Sierra Rohan, kathryne04@bergnaum.net, y$Q5Y9TawLVMHwe0rqBabUE.wEVfWXHSBkxT8Nc./EudMKS2aqD51ZG, RoTEM6OCCt, 1, https://www.gottlieb.info/doloremque-quasi-ex-rerum-rerum-adipisci-beatae-eligendi, Michelle Donnelly, 2016-05-05 14:30:45, 2016-05-05 14:30:45))

/Users/andeladev/Code/learnanytime/vendor/laravel/framework/src/Illuminate/Database/Connection.php:673
/Users/andeladev/Code/learnanytime/vendor/laravel/framework/src/Illuminate/Database/Connection.php:629
/Users/andeladev/Code/learnanytime/vendor/laravel/framework/src/Illuminate/Database/Connection.php:409
/Users/andeladev/Code/learnanytime/vendor/laravel/framework/src/Illuminate/Database/Connection.php:365
/Users/andeladev/Code/learnanytime/vendor/laravel/framework/src/Illuminate/Database/Query/Processors/Processor.php:32
/Users/andeladev/Code/learnanytime/vendor/laravel/framework/src/Illuminate/Database/Query/Builder.php:1970
/Users/andeladev/Code/learnanytime/vendor/laravel/framework/src/Illuminate/Database/Eloquent/Builder.php:1337
/Users/andeladev/Code/learnanytime/vendor/laravel/framework/src/Illuminate/Database/Eloquent/Model.php:1621
/Users/andeladev/Code/learnanytime/vendor/laravel/framework/src/Illuminate/Database/Eloquent/Model.php:1590
/Users/andeladev/Code/learnanytime/vendor/laravel/framework/src/Illuminate/Database/Eloquent/Model.php:1481
/Users/andeladev/Code/learnanytime/vendor/laravel/framework/src/Illuminate/Database/Eloquent/FactoryBuilder.php:87
/Users/andeladev/Code/learnanytime/tests/ProfileUpdateTest.php:22
/Users/andeladev/.composer/vendor/phpunit/phpunit/src/TextUI/Command.php:158
/Users/andeladev/.composer/vendor/phpunit/phpunit/src/TextUI/Command.php:109
</error>
      </testcase>
      <testcase name="testThatSomeFieldsAreMissing" class="ProfileUpdateTest" file="/Users/andeladev/Code/learnanytime/tests/ProfileUpdateTest.php" line="33" assertions="0" time="0.320993">
        <error type="PHPUnit_Framework_ExceptionWrapper">ProfileUpdateTest::testThatSomeFieldsAreMissing
Illuminate\Database\QueryException: SQLSTATE[HY000]: General error: 1 table users has no column named role_id (SQL: insert into "users" ("username", "email", "password", "remember_token", "role_id", "picture_url", "profile_bio", "updated_at", "created_at") values (Murray Rowe I, will.morissette@casper.biz, y$wuchf5Y2NlXtIKNrRBC2h./PiWoSyAnVBo9P2nu4jsdZCEDW/zfu., fxkESyikNZ, 1, http://davis.net/excepturi-et-cumque-fuga-ipsa-recusandae, Aglae Raynor, 2016-05-05 14:30:46, 2016-05-05 14:30:46))

/Users/andeladev/Code/learnanytime/vendor/laravel/framework/src/Illuminate/Database/Connection.php:673
/Users/andeladev/Code/learnanytime/vendor/laravel/framework/src/Illuminate/Database/Connection.php:629
/Users/andeladev/Code/learnanytime/vendor/laravel/framework/src/Illuminate/Database/Connection.php:409
/Users/andeladev/Code/learnanytime/vendor/laravel/framework/src/Illuminate/Database/Connection.php:365
/Users/andeladev/Code/learnanytime/vendor/laravel/framework/src/Illuminate/Database/Query/Processors/Processor.php:32
/Users/andeladev/Code/learnanytime/vendor/laravel/framework/src/Illuminate/Database/Query/Builder.php:1970
/Users/andeladev/Code/learnanytime/vendor/laravel/framework/src/Illuminate/Database/Eloquent/Builder.php:1337
/Users/andeladev/Code/learnanytime/vendor/laravel/framework/src/Illuminate/Database/Eloquent/Model.php:1621
/Users/andeladev/Code/learnanytime/vendor/laravel/framework/src/Illuminate/Database/Eloquent/Model.php:1590
/Users/andeladev/Code/learnanytime/vendor/laravel/framework/src/Illuminate/Database/Eloquent/Model.php:1481
/Users/andeladev/Code/learnanytime/vendor/laravel/framework/src/Illuminate/Database/Eloquent/FactoryBuilder.php:87
/Users/andeladev/Code/learnanytime/tests/ProfileUpdateTest.php:35
/Users/andeladev/.composer/vendor/phpunit/phpunit/src/TextUI/Command.php:158
/Users/andeladev/.composer/vendor/phpunit/phpunit/src/TextUI/Command.php:109
</error>
      </testcase>
      <testcase name="testThatImageWasNotSelected" class="ProfileUpdateTest" file="/Users/andeladev/Code/learnanytime/tests/ProfileUpdateTest.php" line="46" assertions="0" time="0.317294">
        <error type="PHPUnit_Framework_ExceptionWrapper">ProfileUpdateTest::testThatImageWasNotSelected
Illuminate\Database\QueryException: SQLSTATE[HY000]: General error: 1 table users has no column named role_id (SQL: insert into "users" ("username", "email", "password", "remember_token", "role_id", "picture_url", "profile_bio", "updated_at", "created_at") values (Paxton Crooks, danielle67@hotmail.com, yiv3YUxk73jZ8evY9hSLm.soyTAL804UzfwhmxSzJfXmcShZ115Pe, 5RLFKYs8cR, 1, http://heathcote.org/sunt-aut-quis-ut-aut-nihil-sequi, Reyna Davis, 2016-05-05 14:30:46, 2016-05-05 14:30:46))

/Users/andeladev/Code/learnanytime/vendor/laravel/framework/src/Illuminate/Database/Connection.php:673
/Users/andeladev/Code/learnanytime/vendor/laravel/framework/src/Illuminate/Database/Connection.php:629
/Users/andeladev/Code/learnanytime/vendor/laravel/framework/src/Illuminate/Database/Connection.php:409
/Users/andeladev/Code/learnanytime/vendor/laravel/framework/src/Illuminate/Database/Connection.php:365
/Users/andeladev/Code/learnanytime/vendor/laravel/framework/src/Illuminate/Database/Query/Processors/Processor.php:32
/Users/andeladev/Code/learnanytime/vendor/laravel/framework/src/Illuminate/Database/Query/Builder.php:1970
/Users/andeladev/Code/learnanytime/vendor/laravel/framework/src/Illuminate/Database/Eloquent/Builder.php:1337
/Users/andeladev/Code/learnanytime/vendor/laravel/framework/src/Illuminate/Database/Eloquent/Model.php:1621
/Users/andeladev/Code/learnanytime/vendor/laravel/framework/src/Illuminate/Database/Eloquent/Model.php:1590
/Users/andeladev/Code/learnanytime/vendor/laravel/framework/src/Illuminate/Database/Eloquent/Model.php:1481
/Users/andeladev/Code/learnanytime/vendor/laravel/framework/src/Illuminate/Database/Eloquent/FactoryBuilder.php:87
/Users/andeladev/Code/learnanytime/tests/ProfileUpdateTest.php:48
/Users/andeladev/.composer/vendor/phpunit/phpunit/src/TextUI/Command.php:158
/Users/andeladev/.composer/vendor/phpunit/phpunit/src/TextUI/Command.php:109
</error>
      </testcase>
      <testcase name="testThatTheUserUploadProfilePicture" class="ProfileUpdateTest" file="/Users/andeladev/Code/learnanytime/tests/ProfileUpdateTest.php" line="56" assertions="0" time="0.325303">
        <error type="PHPUnit_Framework_ExceptionWrapper">ProfileUpdateTest::testThatTheUserUploadProfilePicture
Illuminate\Database\QueryException: SQLSTATE[HY000]: General error: 1 table users has no column named role_id (SQL: insert into "users" ("username", "email", "password", "remember_token", "role_id", "picture_url", "profile_bio", "updated_at", "created_at") values (Letitia Franecki, kmonahan@gmail.com, y$wFm59hVOUNqTFpuSKkwMOuun8RFXnDvNt.LBaibWGMc5amcsrhHRm, F12g3audHG, 1, http://mcclure.com/repellendus-quam-ipsam-quia-deleniti-provident.html, Winnifred Murray, 2016-05-05 14:30:46, 2016-05-05 14:30:46))

/Users/andeladev/Code/learnanytime/vendor/laravel/framework/src/Illuminate/Database/Connection.php:673
/Users/andeladev/Code/learnanytime/vendor/laravel/framework/src/Illuminate/Database/Connection.php:629
/Users/andeladev/Code/learnanytime/vendor/laravel/framework/src/Illuminate/Database/Connection.php:409
/Users/andeladev/Code/learnanytime/vendor/laravel/framework/src/Illuminate/Database/Connection.php:365
/Users/andeladev/Code/learnanytime/vendor/laravel/framework/src/Illuminate/Database/Query/Processors/Processor.php:32
/Users/andeladev/Code/learnanytime/vendor/laravel/framework/src/Illuminate/Database/Query/Builder.php:1970
/Users/andeladev/Code/learnanytime/vendor/laravel/framework/src/Illuminate/Database/Eloquent/Builder.php:1337
/Users/andeladev/Code/learnanytime/vendor/laravel/framework/src/Illuminate/Database/Eloquent/Model.php:1621
/Users/andeladev/Code/learnanytime/vendor/laravel/framework/src/Illuminate/Database/Eloquent/Model.php:1590
/Users/andeladev/Code/learnanytime/vendor/laravel/framework/src/Illuminate/Database/Eloquent/Model.php:1481
/Users/andeladev/Code/learnanytime/vendor/laravel/framework/src/Illuminate/Database/Eloquent/FactoryBuilder.php:87
/Users/andeladev/Code/learnanytime/tests/ProfileUpdateTest.php:58
/Users/andeladev/.composer/vendor/phpunit/phpunit/src/TextUI/Command.php:158
/Users/andeladev/.composer/vendor/phpunit/phpunit/src/TextUI/Command.php:109
</error>
      </testcase>
    </testsuite>
    <testsuite name="UserSignUpTest" file="/Users/andeladev/Code/learnanytime/tests/UserSignUpTest.php" tests="1" assertions="0" failures="0" errors="1" time="0.320359">
      <testcase name="testCheckAllFieldsEmpty" class="UserSignUpTest" file="/Users/andeladev/Code/learnanytime/tests/UserSignUpTest.php" line="11" assertions="0" time="0.320359">
        <error type="PHPUnit_Framework_ExceptionWrapper">UserSignUpTest::testCheckAllFieldsEmpty
Illuminate\Database\QueryException: SQLSTATE[HY000]: General error: 1 table users has no column named role_id (SQL: insert into "users" ("username", "email", "password", "remember_token", "role_id", "picture_url", "profile_bio", "updated_at", "created_at") values (Soledad Lakin, melyna07@corkery.org, y$lGGvoTcbvORqTRgeRAkMWO685A4XACY/oZWaK3y040HPGyXWbRYi2, HxkoiG49CV, 1, http://www.strosin.com/, Liliane Beatty, 2016-05-05 14:30:47, 2016-05-05 14:30:47))

/Users/andeladev/Code/learnanytime/vendor/laravel/framework/src/Illuminate/Database/Connection.php:673
/Users/andeladev/Code/learnanytime/vendor/laravel/framework/src/Illuminate/Database/Connection.php:629
/Users/andeladev/Code/learnanytime/vendor/laravel/framework/src/Illuminate/Database/Connection.php:409
/Users/andeladev/Code/learnanytime/vendor/laravel/framework/src/Illuminate/Database/Connection.php:365
/Users/andeladev/Code/learnanytime/vendor/laravel/framework/src/Illuminate/Database/Query/Processors/Processor.php:32
/Users/andeladev/Code/learnanytime/vendor/laravel/framework/src/Illuminate/Database/Query/Builder.php:1970
/Users/andeladev/Code/learnanytime/vendor/laravel/framework/src/Illuminate/Database/Eloquent/Builder.php:1337
/Users/andeladev/Code/learnanytime/vendor/laravel/framework/src/Illuminate/Database/Eloquent/Model.php:1621
/Users/andeladev/Code/learnanytime/vendor/laravel/framework/src/Illuminate/Database/Eloquent/Model.php:1590
/Users/andeladev/Code/learnanytime/vendor/laravel/framework/src/Illuminate/Database/Eloquent/Model.php:1481
/Users/andeladev/Code/learnanytime/vendor/laravel/framework/src/Illuminate/Database/Eloquent/FactoryBuilder.php:87
/Users/andeladev/Code/learnanytime/tests/UserSignUpTest.php:15
/Users/andeladev/.composer/vendor/phpunit/phpunit/src/TextUI/Command.php:158
/Users/andeladev/.composer/vendor/phpunit/phpunit/src/TextUI/Command.php:109
</error>
      </testcase>
    </testsuite>
    <testsuite name="VideoCategoryTest" file="/Users/andeladev/Code/learnanytime/tests/VideoCategoryTest.php" tests="10" assertions="0" failures="0" errors="10" time="3.176601">
      <testcase name="testVideoCategoryWasVisited" class="VideoCategoryTest" file="/Users/andeladev/Code/learnanytime/tests/VideoCategoryTest.php" line="9" assertions="0" time="0.321871">
        <error type="PHPUnit_Framework_ExceptionWrapper">VideoCategoryTest::testVideoCategoryWasVisited
Illuminate\Database\QueryException: SQLSTATE[HY000]: General error: 1 table users has no column named role_id (SQL: insert into "users" ("username", "email", "password", "remember_token", "role_id", "picture_url", "profile_bio", "updated_at", "created_at") values (Austen Metz, tyson74@bergstrom.info, y$BsHZWXjGrdUAYOSsuWSoYO2VfqUPdpbSIF267URs78X6dJLhb2bVi, AEhyv97bff, 1, http://www.lemke.net/quisquam-ex-porro-excepturi-aspernatur-assumenda-ut-et, Ena Beier, 2016-05-05 14:30:47, 2016-05-05 14:30:47))

/Users/andeladev/Code/learnanytime/vendor/laravel/framework/src/Illuminate/Database/Connection.php:673
/Users/andeladev/Code/learnanytime/vendor/laravel/framework/src/Illuminate/Database/Connection.php:629
/Users/andeladev/Code/learnanytime/vendor/laravel/framework/src/Illuminate/Database/Connection.php:409
/Users/andeladev/Code/learnanytime/vendor/laravel/framework/src/Illuminate/Database/Connection.php:365
/Users/andeladev/Code/learnanytime/vendor/laravel/framework/src/Illuminate/Database/Query/Processors/Processor.php:32
/Users/andeladev/Code/learnanytime/vendor/laravel/framework/src/Illuminate/Database/Query/Builder.php:1970
/Users/andeladev/Code/learnanytime/vendor/laravel/framework/src/Illuminate/Database/Eloquent/Builder.php:1337
/Users/andeladev/Code/learnanytime/vendor/laravel/framework/src/Illuminate/Database/Eloquent/Model.php:1621
/Users/andeladev/Code/learnanytime/vendor/laravel/framework/src/Illuminate/Database/Eloquent/Model.php:1590
/Users/andeladev/Code/learnanytime/vendor/laravel/framework/src/Illuminate/Database/Eloquent/Model.php:1481
/Users/andeladev/Code/learnanytime/vendor/laravel/framework/src/Illuminate/Database/Eloquent/FactoryBuilder.php:87
/Users/andeladev/Code/learnanytime/tests/VideoCategoryTest.php:11
/Users/andeladev/.composer/vendor/phpunit/phpunit/src/TextUI/Command.php:158
/Users/andeladev/.composer/vendor/phpunit/phpunit/src/TextUI/Command.php:109
</error>
      </testcase>
      <testcase name="testThatVideoCategoryWasAddedEalier" class="VideoCategoryTest" file="/Users/andeladev/Code/learnanytime/tests/VideoCategoryTest.php" line="17" assertions="0" time="0.318675">
        <error type="PHPUnit_Framework_ExceptionWrapper">VideoCategoryTest::testThatVideoCategoryWasAddedEalier
Illuminate\Database\QueryException: SQLSTATE[HY000]: General error: 1 table users has no column named role_id (SQL: insert into "users" ("username", "email", "password", "remember_token", "role_id", "picture_url", "profile_bio", "updated_at", "created_at") values (Titus Balistreri, francisco.johns@yahoo.com, y$I00hWLM85.ipVpQvdaWYBOHyIdmpWCViRIUOiR6bY8cjnc61bSgfW, c3ZoCj5wnz, 1, http://www.kihn.com/nostrum-ipsa-dolor-dicta-sed-voluptatum-totam-placeat, Dean Dickens, 2016-05-05 14:30:47, 2016-05-05 14:30:47))

/Users/andeladev/Code/learnanytime/vendor/laravel/framework/src/Illuminate/Database/Connection.php:673
/Users/andeladev/Code/learnanytime/vendor/laravel/framework/src/Illuminate/Database/Connection.php:629
/Users/andeladev/Code/learnanytime/vendor/laravel/framework/src/Illuminate/Database/Connection.php:409
/Users/andeladev/Code/learnanytime/vendor/laravel/framework/src/Illuminate/Database/Connection.php:365
/Users/andeladev/Code/learnanytime/vendor/laravel/framework/src/Illuminate/Database/Query/Processors/Processor.php:32
/Users/andeladev/Code/learnanytime/vendor/laravel/framework/src/Illuminate/Database/Query/Builder.php:1970
/Users/andeladev/Code/learnanytime/vendor/laravel/framework/src/Illuminate/Database/Eloquent/Builder.php:1337
/Users/andeladev/Code/learnanytime/vendor/laravel/framework/src/Illuminate/Database/Eloquent/Model.php:1621
/Users/andeladev/Code/learnanytime/vendor/laravel/framework/src/Illuminate/Database/Eloquent/Model.php:1590
/Users/andeladev/Code/learnanytime/vendor/laravel/framework/src/Illuminate/Database/Eloquent/Model.php:1481
/Users/andeladev/Code/learnanytime/vendor/laravel/framework/src/Illuminate/Database/Eloquent/FactoryBuilder.php:87
/Users/andeladev/Code/learnanytime/tests/VideoCategoryTest.php:19
/Users/andeladev/.composer/vendor/phpunit/phpunit/src/TextUI/Command.php:158
/Users/andeladev/.composer/vendor/phpunit/phpunit/src/TextUI/Command.php:109
</error>
      </testcase>
      <testcase name="testThatVideoCategoryWasSuccessful" class="VideoCategoryTest" file="/Users/andeladev/Code/learnanytime/tests/VideoCategoryTest.php" line="34" assertions="0" time="0.310402">
        <error type="PHPUnit_Framework_ExceptionWrapper">VideoCategoryTest::testThatVideoCategoryWasSuccessful
Illuminate\Database\QueryException: SQLSTATE[HY000]: General error: 1 table users has no column named role_id (SQL: insert into "users" ("username", "email", "password", "remember_token", "role_id", "picture_url", "profile_bio", "updated_at", "created_at") values (Felipa Collier, qmedhurst@harber.info, y$UIyfOQucQKcCKct4SlL53ubihoAHYti6O1exMU2dmt39rJEx38Zny, MLrr15IblJ, 1, http://hayes.com/nobis-totam-autem-quos-enim, Jo Maggio, 2016-05-05 14:30:48, 2016-05-05 14:30:48))

/Users/andeladev/Code/learnanytime/vendor/laravel/framework/src/Illuminate/Database/Connection.php:673
/Users/andeladev/Code/learnanytime/vendor/laravel/framework/src/Illuminate/Database/Connection.php:629
/Users/andeladev/Code/learnanytime/vendor/laravel/framework/src/Illuminate/Database/Connection.php:409
/Users/andeladev/Code/learnanytime/vendor/laravel/framework/src/Illuminate/Database/Connection.php:365
/Users/andeladev/Code/learnanytime/vendor/laravel/framework/src/Illuminate/Database/Query/Processors/Processor.php:32
/Users/andeladev/Code/learnanytime/vendor/laravel/framework/src/Illuminate/Database/Query/Builder.php:1970
/Users/andeladev/Code/learnanytime/vendor/laravel/framework/src/Illuminate/Database/Eloquent/Builder.php:1337
/Users/andeladev/Code/learnanytime/vendor/laravel/framework/src/Illuminate/Database/Eloquent/Model.php:1621
/Users/andeladev/Code/learnanytime/vendor/laravel/framework/src/Illuminate/Database/Eloquent/Model.php:1590
/Users/andeladev/Code/learnanytime/vendor/laravel/framework/src/Illuminate/Database/Eloquent/Model.php:1481
/Users/andeladev/Code/learnanytime/vendor/laravel/framework/src/Illuminate/Database/Eloquent/FactoryBuilder.php:87
/Users/andeladev/Code/learnanytime/tests/VideoCategoryTest.php:36
/Users/andeladev/.composer/vendor/phpunit/phpunit/src/TextUI/Command.php:158
/Users/andeladev/.composer/vendor/phpunit/phpunit/src/TextUI/Command.php:109
</error>
      </testcase>
      <testcase name="testThatVideoCategoryNameFieldIsMissing" class="VideoCategoryTest" file="/Users/andeladev/Code/learnanytime/tests/VideoCategoryTest.php" line="51" assertions="0" time="0.315751">
        <error type="PHPUnit_Framework_ExceptionWrapper">VideoCategoryTest::testThatVideoCategoryNameFieldIsMissing
Illuminate\Database\QueryException: SQLSTATE[HY000]: General error: 1 table users has no column named role_id (SQL: insert into "users" ("username", "email", "password", "remember_token", "role_id", "picture_url", "profile_bio", "updated_at", "created_at") values (Ms. Kathleen Predovic, dickinson.jena@schmidt.biz, yPsldBndGmkoV7tr0GXzXOka5fk99xY6aH5KZmcwrJ4sxRE3XP92m, w0OzjZUTaA, 1, http://www.bosco.org/, Lisandro Stark, 2016-05-05 14:30:48, 2016-05-05 14:30:48))

/Users/andeladev/Code/learnanytime/vendor/laravel/framework/src/Illuminate/Database/Connection.php:673
/Users/andeladev/Code/learnanytime/vendor/laravel/framework/src/Illuminate/Database/Connection.php:629
/Users/andeladev/Code/learnanytime/vendor/laravel/framework/src/Illuminate/Database/Connection.php:409
/Users/andeladev/Code/learnanytime/vendor/laravel/framework/src/Illuminate/Database/Connection.php:365
/Users/andeladev/Code/learnanytime/vendor/laravel/framework/src/Illuminate/Database/Query/Processors/Processor.php:32
/Users/andeladev/Code/learnanytime/vendor/laravel/framework/src/Illuminate/Database/Query/Builder.php:1970
/Users/andeladev/Code/learnanytime/vendor/laravel/framework/src/Illuminate/Database/Eloquent/Builder.php:1337
/Users/andeladev/Code/learnanytime/vendor/laravel/framework/src/Illuminate/Database/Eloquent/Model.php:1621
/Users/andeladev/Code/learnanytime/vendor/laravel/framework/src/Illuminate/Database/Eloquent/Model.php:1590
/Users/andeladev/Code/learnanytime/vendor/laravel/framework/src/Illuminate/Database/Eloquent/Model.php:1481
/Users/andeladev/Code/learnanytime/vendor/laravel/framework/src/Illuminate/Database/Eloquent/FactoryBuilder.php:87
/Users/andeladev/Code/learnanytime/tests/VideoCategoryTest.php:53
/Users/andeladev/.composer/vendor/phpunit/phpunit/src/TextUI/Command.php:158
/Users/andeladev/.composer/vendor/phpunit/phpunit/src/TextUI/Command.php:109
</error>
      </testcase>
      <testcase name="testThatVideoCategoryDescriptionFieldIsMissing" class="VideoCategoryTest" file="/Users/andeladev/Code/learnanytime/tests/VideoCategoryTest.php" line="67" assertions="0" time="0.314664">
        <error type="PHPUnit_Framework_ExceptionWrapper">VideoCategoryTest::testThatVideoCategoryDescriptionFieldIsMissing
Illuminate\Database\QueryException: SQLSTATE[HY000]: General error: 1 table users has no column named role_id (SQL: insert into "users" ("username", "email", "password", "remember_token", "role_id", "picture_url", "profile_bio", "updated_at", "created_at") values (Garrison McCullough III, uriel56@harvey.biz, yCYtpXK90aSemdm/yHvoNu64jonzSEze0zIw9VRHT3kzWoqjfE9Su, H3eXwoO844, 1, http://carroll.org/, Edgar Rogahn, 2016-05-05 14:30:48, 2016-05-05 14:30:48))

/Users/andeladev/Code/learnanytime/vendor/laravel/framework/src/Illuminate/Database/Connection.php:673
/Users/andeladev/Code/learnanytime/vendor/laravel/framework/src/Illuminate/Database/Connection.php:629
/Users/andeladev/Code/learnanytime/vendor/laravel/framework/src/Illuminate/Database/Connection.php:409
/Users/andeladev/Code/learnanytime/vendor/laravel/framework/src/Illuminate/Database/Connection.php:365
/Users/andeladev/Code/learnanytime/vendor/laravel/framework/src/Illuminate/Database/Query/Processors/Processor.php:32
/Users/andeladev/Code/learnanytime/vendor/laravel/framework/src/Illuminate/Database/Query/Builder.php:1970
/Users/andeladev/Code/learnanytime/vendor/laravel/framework/src/Illuminate/Database/Eloquent/Builder.php:1337
/Users/andeladev/Code/learnanytime/vendor/laravel/framework/src/Illuminate/Database/Eloquent/Model.php:1621
/Users/andeladev/Code/learnanytime/vendor/laravel/framework/src/Illuminate/Database/Eloquent/Model.php:1590
/Users/andeladev/Code/learnanytime/vendor/laravel/framework/src/Illuminate/Database/Eloquent/Model.php:1481
/Users/andeladev/Code/learnanytime/vendor/laravel/framework/src/Illuminate/Database/Eloquent/FactoryBuilder.php:87
/Users/andeladev/Code/learnanytime/tests/VideoCategoryTest.php:69
/Users/andeladev/.composer/vendor/phpunit/phpunit/src/TextUI/Command.php:158
/Users/andeladev/.composer/vendor/phpunit/phpunit/src/TextUI/Command.php:109
</error>
      </testcase>
      <testcase name="testThatVideoCategoryFieldsAreMissing" class="VideoCategoryTest" file="/Users/andeladev/Code/learnanytime/tests/VideoCategoryTest.php" line="83" assertions="0" time="0.319064">
        <error type="PHPUnit_Framework_ExceptionWrapper">VideoCategoryTest::testThatVideoCategoryFieldsAreMissing
Illuminate\Database\QueryException: SQLSTATE[HY000]: General error: 1 table users has no column named role_id (SQL: insert into "users" ("username", "email", "password", "remember_token", "role_id", "picture_url", "profile_bio", "updated_at", "created_at") values (Odie DuBuque, stiedemann.annalise@yahoo.com, y$ghhmdpHJlbJka9f5n3jYBe9pPK5YiJlj5XZy/sezcV08w1rld/nOC, eksD4PJIll, 1, http://www.rolfson.com/ut-autem-vitae-ullam-necessitatibus-nostrum-delectus, Ora Beatty, 2016-05-05 14:30:49, 2016-05-05 14:30:49))

/Users/andeladev/Code/learnanytime/vendor/laravel/framework/src/Illuminate/Database/Connection.php:673
/Users/andeladev/Code/learnanytime/vendor/laravel/framework/src/Illuminate/Database/Connection.php:629
/Users/andeladev/Code/learnanytime/vendor/laravel/framework/src/Illuminate/Database/Connection.php:409
/Users/andeladev/Code/learnanytime/vendor/laravel/framework/src/Illuminate/Database/Connection.php:365
/Users/andeladev/Code/learnanytime/vendor/laravel/framework/src/Illuminate/Database/Query/Processors/Processor.php:32
/Users/andeladev/Code/learnanytime/vendor/laravel/framework/src/Illuminate/Database/Query/Builder.php:1970
/Users/andeladev/Code/learnanytime/vendor/laravel/framework/src/Illuminate/Database/Eloquent/Builder.php:1337
/Users/andeladev/Code/learnanytime/vendor/laravel/framework/src/Illuminate/Database/Eloquent/Model.php:1621
/Users/andeladev/Code/learnanytime/vendor/laravel/framework/src/Illuminate/Database/Eloquent/Model.php:1590
/Users/andeladev/Code/learnanytime/vendor/laravel/framework/src/Illuminate/Database/Eloquent/Model.php:1481
/Users/andeladev/Code/learnanytime/vendor/laravel/framework/src/Illuminate/Database/Eloquent/FactoryBuilder.php:87
/Users/andeladev/Code/learnanytime/tests/VideoCategoryTest.php:85
/Users/andeladev/.composer/vendor/phpunit/phpunit/src/TextUI/Command.php:158
/Users/andeladev/.composer/vendor/phpunit/phpunit/src/TextUI/Command.php:109
</error>
      </testcase>
      <testcase name="testThatVideoCategoryWasUpdated" class="VideoCategoryTest" file="/Users/andeladev/Code/learnanytime/tests/VideoCategoryTest.php" line="99" assertions="0" time="0.321019">
        <error type="PHPUnit_Framework_ExceptionWrapper">VideoCategoryTest::testThatVideoCategoryWasUpdated
Illuminate\Database\QueryException: SQLSTATE[HY000]: General error: 1 table users has no column named role_id (SQL: insert into "users" ("username", "email", "password", "remember_token", "role_id", "picture_url", "profile_bio", "updated_at", "created_at") values (Mr. Buster Ratke MD, charlie.ernser@gmail.com, y$ugXbigQ0UfZ6gsU5rhL83usahoarYfQCgyjVVIgAypsbqQsFIGGo6, DFXVZ3qDJH, 1, http://www.balistreri.com/nam-quam-unde-libero-vel, Demetris Crist, 2016-05-05 14:30:49, 2016-05-05 14:30:49))

/Users/andeladev/Code/learnanytime/vendor/laravel/framework/src/Illuminate/Database/Connection.php:673
/Users/andeladev/Code/learnanytime/vendor/laravel/framework/src/Illuminate/Database/Connection.php:629
/Users/andeladev/Code/learnanytime/vendor/laravel/framework/src/Illuminate/Database/Connection.php:409
/Users/andeladev/Code/learnanytime/vendor/laravel/framework/src/Illuminate/Database/Connection.php:365
/Users/andeladev/Code/learnanytime/vendor/laravel/framework/src/Illuminate/Database/Query/Processors/Processor.php:32
/Users/andeladev/Code/learnanytime/vendor/laravel/framework/src/Illuminate/Database/Query/Builder.php:1970
/Users/andeladev/Code/learnanytime/vendor/laravel/framework/src/Illuminate/Database/Eloquent/Builder.php:1337
/Users/andeladev/Code/learnanytime/vendor/laravel/framework/src/Illuminate/Database/Eloquent/Model.php:1621
/Users/andeladev/Code/learnanytime/vendor/laravel/framework/src/Illuminate/Database/Eloquent/Model.php:1590
/Users/andeladev/Code/learnanytime/vendor/laravel/framework/src/Illuminate/Database/Eloquent/Model.php:1481
/Users/andeladev/Code/learnanytime/vendor/laravel/framework/src/Illuminate/Database/Eloquent/FactoryBuilder.php:87
/Users/andeladev/Code/learnanytime/tests/VideoCategoryTest.php:101
/Users/andeladev/.composer/vendor/phpunit/phpunit/src/TextUI/Command.php:158
/Users/andeladev/.composer/vendor/phpunit/phpunit/src/TextUI/Command.php:109
</error>
      </testcase>
      <testcase name="testThatASingleCategoryWasRetrived" class="VideoCategoryTest" file="/Users/andeladev/Code/learnanytime/tests/VideoCategoryTest.php" line="117" assertions="0" time="0.315308">
        <error type="PHPUnit_Framework_ExceptionWrapper">VideoCategoryTest::testThatASingleCategoryWasRetrived
Illuminate\Database\QueryException: SQLSTATE[HY000]: General error: 1 table users has no column named role_id (SQL: insert into "users" ("username", "email", "password", "remember_token", "role_id", "picture_url", "profile_bio", "updated_at", "created_at") values (Mrs. Kaitlin Crona, fpfannerstill@cole.info, y$cCpC5W3mEhkBfgB9uH6DQ.Zwo.1mmCivqnyHqR8QGlRWqujUa3rEO, 3qq2jCu6Sf, 1, http://cassin.org/, Estel Wiza, 2016-05-05 14:30:49, 2016-05-05 14:30:49))

/Users/andeladev/Code/learnanytime/vendor/laravel/framework/src/Illuminate/Database/Connection.php:673
/Users/andeladev/Code/learnanytime/vendor/laravel/framework/src/Illuminate/Database/Connection.php:629
/Users/andeladev/Code/learnanytime/vendor/laravel/framework/src/Illuminate/Database/Connection.php:409
/Users/andeladev/Code/learnanytime/vendor/laravel/framework/src/Illuminate/Database/Connection.php:365
/Users/andeladev/Code/learnanytime/vendor/laravel/framework/src/Illuminate/Database/Query/Processors/Processor.php:32
/Users/andeladev/Code/learnanytime/vendor/laravel/framework/src/Illuminate/Database/Query/Builder.php:1970
/Users/andeladev/Code/learnanytime/vendor/laravel/framework/src/Illuminate/Database/Eloquent/Builder.php:1337
/Users/andeladev/Code/learnanytime/vendor/laravel/framework/src/Illuminate/Database/Eloquent/Model.php:1621
/Users/andeladev/Code/learnanytime/vendor/laravel/framework/src/Illuminate/Database/Eloquent/Model.php:1590
/Users/andeladev/Code/learnanytime/vendor/laravel/framework/src/Illuminate/Database/Eloquent/Model.php:1481
/Users/andeladev/Code/learnanytime/vendor/laravel/framework/src/Illuminate/Database/Eloquent/FactoryBuilder.php:87
/Users/andeladev/Code/learnanytime/tests/VideoCategoryTest.php:119
/Users/andeladev/.composer/vendor/phpunit/phpunit/src/TextUI/Command.php:158
/Users/andeladev/.composer/vendor/phpunit/phpunit/src/TextUI/Command.php:109
</error>
      </testcase>
      <testcase name="testgetAllCategories" class="VideoCategoryTest" file="/Users/andeladev/Code/learnanytime/tests/VideoCategoryTest.php" line="131" assertions="0" time="0.314108">
        <error type="PHPUnit_Framework_ExceptionWrapper">VideoCategoryTest::testgetAllCategories
Illuminate\Database\QueryException: SQLSTATE[HY000]: General error: 1 table users has no column named role_id (SQL: insert into "users" ("username", "email", "password", "remember_token", "role_id", "picture_url", "profile_bio", "updated_at", "created_at") values (Rebeca Purdy, flavio.weber@breitenberg.com, y$WZNS1Vq8ZtBvOCXGiZNL8Oulwbu0K6BpSx0UWe/SN1khKRlzRB.MW, rApV3jVi8W, 1, http://www.okuneva.com/voluptatem-amet-vero-error-unde-quo, Cooper Kreiger, 2016-05-05 14:30:50, 2016-05-05 14:30:50))

/Users/andeladev/Code/learnanytime/vendor/laravel/framework/src/Illuminate/Database/Connection.php:673
/Users/andeladev/Code/learnanytime/vendor/laravel/framework/src/Illuminate/Database/Connection.php:629
/Users/andeladev/Code/learnanytime/vendor/laravel/framework/src/Illuminate/Database/Connection.php:409
/Users/andeladev/Code/learnanytime/vendor/laravel/framework/src/Illuminate/Database/Connection.php:365
/Users/andeladev/Code/learnanytime/vendor/laravel/framework/src/Illuminate/Database/Query/Processors/Processor.php:32
/Users/andeladev/Code/learnanytime/vendor/laravel/framework/src/Illuminate/Database/Query/Builder.php:1970
/Users/andeladev/Code/learnanytime/vendor/laravel/framework/src/Illuminate/Database/Eloquent/Builder.php:1337
/Users/andeladev/Code/learnanytime/vendor/laravel/framework/src/Illuminate/Database/Eloquent/Model.php:1621
/Users/andeladev/Code/learnanytime/vendor/laravel/framework/src/Illuminate/Database/Eloquent/Model.php:1590
/Users/andeladev/Code/learnanytime/vendor/laravel/framework/src/Illuminate/Database/Eloquent/Model.php:1481
/Users/andeladev/Code/learnanytime/vendor/laravel/framework/src/Illuminate/Database/Eloquent/FactoryBuilder.php:87
/Users/andeladev/Code/learnanytime/tests/VideoCategoryTest.php:133
/Users/andeladev/.composer/vendor/phpunit/phpunit/src/TextUI/Command.php:158
/Users/andeladev/.composer/vendor/phpunit/phpunit/src/TextUI/Command.php:109
</error>
      </testcase>
      <testcase name="testchangeCategoryStatus" class="VideoCategoryTest" file="/Users/andeladev/Code/learnanytime/tests/VideoCategoryTest.php" line="150" assertions="0" time="0.325739">
        <error type="PHPUnit_Framework_ExceptionWrapper">VideoCategoryTest::testchangeCategoryStatus
Illuminate\Database\QueryException: SQLSTATE[HY000]: General error: 1 table users has no column named role_id (SQL: insert into "users" ("username", "email", "password", "remember_token", "role_id", "picture_url", "profile_bio", "updated_at", "created_at") values (Marvin Keeling IV, faye.bins@frami.com, yeZaRz4FoHCTqggwCWvTBu.inT6F7ch1HoLpDlSMg8RK5pwXz8RF., ueeb1i2vwr, 1, http://www.daugherty.net/, Blair Erdman, 2016-05-05 14:30:50, 2016-05-05 14:30:50))

/Users/andeladev/Code/learnanytime/vendor/laravel/framework/src/Illuminate/Database/Connection.php:673
/Users/andeladev/Code/learnanytime/vendor/laravel/framework/src/Illuminate/Database/Connection.php:629
/Users/andeladev/Code/learnanytime/vendor/laravel/framework/src/Illuminate/Database/Connection.php:409
/Users/andeladev/Code/learnanytime/vendor/laravel/framework/src/Illuminate/Database/Connection.php:365
/Users/andeladev/Code/learnanytime/vendor/laravel/framework/src/Illuminate/Database/Query/Processors/Processor.php:32
/Users/andeladev/Code/learnanytime/vendor/laravel/framework/src/Illuminate/Database/Query/Builder.php:1970
/Users/andeladev/Code/learnanytime/vendor/laravel/framework/src/Illuminate/Database/Eloquent/Builder.php:1337
/Users/andeladev/Code/learnanytime/vendor/laravel/framework/src/Illuminate/Database/Eloquent/Model.php:1621
/Users/andeladev/Code/learnanytime/vendor/laravel/framework/src/Illuminate/Database/Eloquent/Model.php:1590
/Users/andeladev/Code/learnanytime/vendor/laravel/framework/src/Illuminate/Database/Eloquent/Model.php:1481
/Users/andeladev/Code/learnanytime/vendor/laravel/framework/src/Illuminate/Database/Eloquent/FactoryBuilder.php:87
/Users/andeladev/Code/learnanytime/tests/VideoCategoryTest.php:152
/Users/andeladev/.composer/vendor/phpunit/phpunit/src/TextUI/Command.php:158
/Users/andeladev/.composer/vendor/phpunit/phpunit/src/TextUI/Command.php:109
</error>
      </testcase>
    </testsuite>
    <testsuite name="VideoTest" file="/Users/andeladev/Code/learnanytime/tests/VideoTest.php" tests="15" assertions="0" failures="0" errors="15" time="4.802689">
      <testcase name="testVideoWasVisited" class="VideoTest" file="/Users/andeladev/Code/learnanytime/tests/VideoTest.php" line="9" assertions="0" time="0.320556">
        <error type="PHPUnit_Framework_ExceptionWrapper">VideoTest::testVideoWasVisited
Illuminate\Database\QueryException: SQLSTATE[HY000]: General error: 1 table users has no column named role_id (SQL: insert into "users" ("username", "email", "password", "remember_token", "role_id", "picture_url", "profile_bio", "updated_at", "created_at") values (Dr. Alek Gerlach DDS, jwillms@schultz.com, yo9bvYX1y3zNgxMDLzZDygApSg0O6POeWFJeN4fPaqpuNtzsblF3NboMNia.cj6, 1, http://www.oconnell.net/, Jeremy Kertzmann, 2016-05-05 14:30:50, 2016-05-05 14:30:50, ?))

/Users/andeladev/Code/learnanytime/vendor/laravel/framework/src/Illuminate/Database/Connection.php:673
/Users/andeladev/Code/learnanytime/vendor/laravel/framework/src/Illuminate/Database/Connection.php:629
/Users/andeladev/Code/learnanytime/vendor/laravel/framework/src/Illuminate/Database/Connection.php:409
/Users/andeladev/Code/learnanytime/vendor/laravel/framework/src/Illuminate/Database/Connection.php:365
/Users/andeladev/Code/learnanytime/vendor/laravel/framework/src/Illuminate/Database/Query/Processors/Processor.php:32
/Users/andeladev/Code/learnanytime/vendor/laravel/framework/src/Illuminate/Database/Query/Builder.php:1970
/Users/andeladev/Code/learnanytime/vendor/laravel/framework/src/Illuminate/Database/Eloquent/Builder.php:1337
/Users/andeladev/Code/learnanytime/vendor/laravel/framework/src/Illuminate/Database/Eloquent/Model.php:1621
/Users/andeladev/Code/learnanytime/vendor/laravel/framework/src/Illuminate/Database/Eloquent/Model.php:1590
/Users/andeladev/Code/learnanytime/vendor/laravel/framework/src/Illuminate/Database/Eloquent/Model.php:1481
/Users/andeladev/Code/learnanytime/vendor/laravel/framework/src/Illuminate/Database/Eloquent/FactoryBuilder.php:87
/Users/andeladev/Code/learnanytime/tests/VideoTest.php:11
/Users/andeladev/.composer/vendor/phpunit/phpunit/src/TextUI/Command.php:158
/Users/andeladev/.composer/vendor/phpunit/phpunit/src/TextUI/Command.php:109
</error>
      </testcase>
      <testcase name="testThatVideoWasAddedEalier" class="VideoTest" file="/Users/andeladev/Code/learnanytime/tests/VideoTest.php" line="17" assertions="0" time="0.325569">
        <error type="PHPUnit_Framework_ExceptionWrapper">VideoTest::testThatVideoWasAddedEalier
Illuminate\Database\QueryException: SQLSTATE[HY000]: General error: 1 table users has no column named role_id (SQL: insert into "users" ("username", "email", "password", "remember_token", "role_id", "picture_url", "profile_bio", "updated_at", "created_at") values (Willy Moen I, hermiston.coy@yahoo.com, y$trumVH/6LRJEM4JHwLcgCer4./9VhL1aXFjsOp/7fBRXUdf0MkC3C, 08dwIp1WmM, 1, https://www.frami.com/maiores-voluptatem-et-nulla, Mrs. Cristal Jakubowski, 2016-05-05 14:30:51, 2016-05-05 14:30:51))

/Users/andeladev/Code/learnanytime/vendor/laravel/framework/src/Illuminate/Database/Connection.php:673
/Users/andeladev/Code/learnanytime/vendor/laravel/framework/src/Illuminate/Database/Connection.php:629
/Users/andeladev/Code/learnanytime/vendor/laravel/framework/src/Illuminate/Database/Connection.php:409
/Users/andeladev/Code/learnanytime/vendor/laravel/framework/src/Illuminate/Database/Connection.php:365
/Users/andeladev/Code/learnanytime/vendor/laravel/framework/src/Illuminate/Database/Query/Processors/Processor.php:32
/Users/andeladev/Code/learnanytime/vendor/laravel/framework/src/Illuminate/Database/Query/Builder.php:1970
/Users/andeladev/Code/learnanytime/vendor/laravel/framework/src/Illuminate/Database/Eloquent/Builder.php:1337
/Users/andeladev/Code/learnanytime/vendor/laravel/framework/src/Illuminate/Database/Eloquent/Model.php:1621
/Users/andeladev/Code/learnanytime/vendor/laravel/framework/src/Illuminate/Database/Eloquent/Model.php:1590
/Users/andeladev/Code/learnanytime/vendor/laravel/framework/src/Illuminate/Database/Eloquent/Model.php:1481
/Users/andeladev/Code/learnanytime/vendor/laravel/framework/src/Illuminate/Database/Eloquent/FactoryBuilder.php:87
/Users/andeladev/Code/learnanytime/tests/VideoTest.php:19
/Users/andeladev/.composer/vendor/phpunit/phpunit/src/TextUI/Command.php:158
/Users/andeladev/.composer/vendor/phpunit/phpunit/src/TextUI/Command.php:109
</error>
      </testcase>
      <testcase name="testThatCreateVideoWasSuccessful" class="VideoTest" file="/Users/andeladev/Code/learnanytime/tests/VideoTest.php" line="38" assertions="0" time="0.309453">
        <error type="PHPUnit_Framework_ExceptionWrapper">VideoTest::testThatCreateVideoWasSuccessful
Illuminate\Database\QueryException: SQLSTATE[HY000]: General error: 1 table users has no column named role_id (SQL: insert into "users" ("username", "email", "password", "remember_token", "role_id", "picture_url", "profile_bio", "updated_at", "created_at") values (Baby Runolfsson V, elmore89@mertz.com, y$RBs5zbkdKboKMinev8/JvuVF0O7S8d9fy5JhJ.cNFZsW89eO73uuS, 9dt8V5Zekr, 1, http://kirlin.com/iste-quisquam-porro-impedit-blanditiis-nobis, Enola Stokes, 2016-05-05 14:30:51, 2016-05-05 14:30:51))

/Users/andeladev/Code/learnanytime/vendor/laravel/framework/src/Illuminate/Database/Connection.php:673
/Users/andeladev/Code/learnanytime/vendor/laravel/framework/src/Illuminate/Database/Connection.php:629
/Users/andeladev/Code/learnanytime/vendor/laravel/framework/src/Illuminate/Database/Connection.php:409
/Users/andeladev/Code/learnanytime/vendor/laravel/framework/src/Illuminate/Database/Connection.php:365
/Users/andeladev/Code/learnanytime/vendor/laravel/framework/src/Illuminate/Database/Query/Processors/Processor.php:32
/Users/andeladev/Code/learnanytime/vendor/laravel/framework/src/Illuminate/Database/Query/Builder.php:1970
/Users/andeladev/Code/learnanytime/vendor/laravel/framework/src/Illuminate/Database/Eloquent/Builder.php:1337
/Users/andeladev/Code/learnanytime/vendor/laravel/framework/src/Illuminate/Database/Eloquent/Model.php:1621
/Users/andeladev/Code/learnanytime/vendor/laravel/framework/src/Illuminate/Database/Eloquent/Model.php:1590
/Users/andeladev/Code/learnanytime/vendor/laravel/framework/src/Illuminate/Database/Eloquent/Model.php:1481
/Users/andeladev/Code/learnanytime/vendor/laravel/framework/src/Illuminate/Database/Eloquent/FactoryBuilder.php:87
/Users/andeladev/Code/learnanytime/tests/VideoTest.php:40
/Users/andeladev/.composer/vendor/phpunit/phpunit/src/TextUI/Command.php:158
/Users/andeladev/.composer/vendor/phpunit/phpunit/src/TextUI/Command.php:109
</error>
      </testcase>
      <testcase name="testThatAllFieldsAreMissingExceptDescription" class="VideoTest" file="/Users/andeladev/Code/learnanytime/tests/VideoTest.php" line="59" assertions="0" time="0.323976">
        <error type="PHPUnit_Framework_ExceptionWrapper">VideoTest::testThatAllFieldsAreMissingExceptDescription
Illuminate\Database\QueryException: SQLSTATE[HY000]: General error: 1 table users has no column named role_id (SQL: insert into "users" ("username", "email", "password", "remember_token", "role_id", "picture_url", "profile_bio", "updated_at", "created_at") values (Ova Dicki, nluettgen@kulas.com, y$nxhEjsfBUgG1emKA/1qZS.jT55xlBW/aZ.bLJo48AX6r9XNAdik/y, yq6ZtJNg5k, 1, http://heller.com/sunt-est-repellendus-eveniet-tenetur-sit-sint, Deja Simonis, 2016-05-05 14:30:51, 2016-05-05 14:30:51))

/Users/andeladev/Code/learnanytime/vendor/laravel/framework/src/Illuminate/Database/Connection.php:673
/Users/andeladev/Code/learnanytime/vendor/laravel/framework/src/Illuminate/Database/Connection.php:629
/Users/andeladev/Code/learnanytime/vendor/laravel/framework/src/Illuminate/Database/Connection.php:409
/Users/andeladev/Code/learnanytime/vendor/laravel/framework/src/Illuminate/Database/Connection.php:365
/Users/andeladev/Code/learnanytime/vendor/laravel/framework/src/Illuminate/Database/Query/Processors/Processor.php:32
/Users/andeladev/Code/learnanytime/vendor/laravel/framework/src/Illuminate/Database/Query/Builder.php:1970
/Users/andeladev/Code/learnanytime/vendor/laravel/framework/src/Illuminate/Database/Eloquent/Builder.php:1337
/Users/andeladev/Code/learnanytime/vendor/laravel/framework/src/Illuminate/Database/Eloquent/Model.php:1621
/Users/andeladev/Code/learnanytime/vendor/laravel/framework/src/Illuminate/Database/Eloquent/Model.php:1590
/Users/andeladev/Code/learnanytime/vendor/laravel/framework/src/Illuminate/Database/Eloquent/Model.php:1481
/Users/andeladev/Code/learnanytime/vendor/laravel/framework/src/Illuminate/Database/Eloquent/FactoryBuilder.php:87
/Users/andeladev/Code/learnanytime/tests/VideoTest.php:61
/Users/andeladev/.composer/vendor/phpunit/phpunit/src/TextUI/Command.php:158
/Users/andeladev/.composer/vendor/phpunit/phpunit/src/TextUI/Command.php:109
</error>
      </testcase>
      <testcase name="testThatAllFieldsAreMissingExceptTitle" class="VideoTest" file="/Users/andeladev/Code/learnanytime/tests/VideoTest.php" line="79" assertions="0" time="0.330995">
        <error type="PHPUnit_Framework_ExceptionWrapper">VideoTest::testThatAllFieldsAreMissingExceptTitle
Illuminate\Database\QueryException: SQLSTATE[HY000]: General error: 1 table users has no column named role_id (SQL: insert into "users" ("username", "email", "password", "remember_token", "role_id", "picture_url", "profile_bio", "updated_at", "created_at") values (Drew Bednar Sr., allison20@brown.com, y$OojsxOZlzVw..jbtWy/MouvBoXqzSoT1Bj9tXyvVvUR3Bgud3/X8q, Mkk1dYUWPa, 1, http://www.kreiger.com/qui-voluptatum-architecto-pariatur-modi-in-placeat.html, Dr. Nick O'Kon V, 2016-05-05 14:30:52, 2016-05-05 14:30:52))

/Users/andeladev/Code/learnanytime/vendor/laravel/framework/src/Illuminate/Database/Connection.php:673
/Users/andeladev/Code/learnanytime/vendor/laravel/framework/src/Illuminate/Database/Connection.php:629
/Users/andeladev/Code/learnanytime/vendor/laravel/framework/src/Illuminate/Database/Connection.php:409
/Users/andeladev/Code/learnanytime/vendor/laravel/framework/src/Illuminate/Database/Connection.php:365
/Users/andeladev/Code/learnanytime/vendor/laravel/framework/src/Illuminate/Database/Query/Processors/Processor.php:32
/Users/andeladev/Code/learnanytime/vendor/laravel/framework/src/Illuminate/Database/Query/Builder.php:1970
/Users/andeladev/Code/learnanytime/vendor/laravel/framework/src/Illuminate/Database/Eloquent/Builder.php:1337
/Users/andeladev/Code/learnanytime/vendor/laravel/framework/src/Illuminate/Database/Eloquent/Model.php:1621
/Users/andeladev/Code/learnanytime/vendor/laravel/framework/src/Illuminate/Database/Eloquent/Model.php:1590
/Users/andeladev/Code/learnanytime/vendor/laravel/framework/src/Illuminate/Database/Eloquent/Model.php:1481
/Users/andeladev/Code/learnanytime/vendor/laravel/framework/src/Illuminate/Database/Eloquent/FactoryBuilder.php:87
/Users/andeladev/Code/learnanytime/tests/VideoTest.php:81
/Users/andeladev/.composer/vendor/phpunit/phpunit/src/TextUI/Command.php:158
/Users/andeladev/.composer/vendor/phpunit/phpunit/src/TextUI/Command.php:109
</error>
      </testcase>
      <testcase name="testThatAllFieldsAreMissingExceptUrl" class="VideoTest" file="/Users/andeladev/Code/learnanytime/tests/VideoTest.php" line="99" assertions="0" time="0.314138">
        <error type="PHPUnit_Framework_ExceptionWrapper">VideoTest::testThatAllFieldsAreMissingExceptUrl
Illuminate\Database\QueryException: SQLSTATE[HY000]: General error: 1 table users has no column named role_id (SQL: insert into "users" ("username", "email", "password", "remember_token", "role_id", "picture_url", "profile_bio", "updated_at", "created_at") values (Miss Ardith Abbott I, horace69@aufderhar.info, y$ETO.j0LUcXJwgF2..gSvv.ShJPLhDd2HPgS5GeckcCBDJ89XDUZqu, cSYgIuwfd6, 1, http://schmidt.com/sint-suscipit-vel-modi-sapiente-sunt.html, Lucio Ziemann, 2016-05-05 14:30:52, 2016-05-05 14:30:52))

/Users/andeladev/Code/learnanytime/vendor/laravel/framework/src/Illuminate/Database/Connection.php:673
/Users/andeladev/Code/learnanytime/vendor/laravel/framework/src/Illuminate/Database/Connection.php:629
/Users/andeladev/Code/learnanytime/vendor/laravel/framework/src/Illuminate/Database/Connection.php:409
/Users/andeladev/Code/learnanytime/vendor/laravel/framework/src/Illuminate/Database/Connection.php:365
/Users/andeladev/Code/learnanytime/vendor/laravel/framework/src/Illuminate/Database/Query/Processors/Processor.php:32
/Users/andeladev/Code/learnanytime/vendor/laravel/framework/src/Illuminate/Database/Query/Builder.php:1970
/Users/andeladev/Code/learnanytime/vendor/laravel/framework/src/Illuminate/Database/Eloquent/Builder.php:1337
/Users/andeladev/Code/learnanytime/vendor/laravel/framework/src/Illuminate/Database/Eloquent/Model.php:1621
/Users/andeladev/Code/learnanytime/vendor/laravel/framework/src/Illuminate/Database/Eloquent/Model.php:1590
/Users/andeladev/Code/learnanytime/vendor/laravel/framework/src/Illuminate/Database/Eloquent/Model.php:1481
/Users/andeladev/Code/learnanytime/vendor/laravel/framework/src/Illuminate/Database/Eloquent/FactoryBuilder.php:87
/Users/andeladev/Code/learnanytime/tests/VideoTest.php:101
/Users/andeladev/.composer/vendor/phpunit/phpunit/src/TextUI/Command.php:158
/Users/andeladev/.composer/vendor/phpunit/phpunit/src/TextUI/Command.php:109
</error>
      </testcase>
      <testcase name="testThatAllFieldsAreMissingExceptCategory" class="VideoTest" file="/Users/andeladev/Code/learnanytime/tests/VideoTest.php" line="119" assertions="0" time="0.316047">
        <error type="PHPUnit_Framework_ExceptionWrapper">VideoTest::testThatAllFieldsAreMissingExceptCategory
Illuminate\Database\QueryException: SQLSTATE[HY000]: General error: 1 table users has no column named role_id (SQL: insert into "users" ("username", "email", "password", "remember_token", "role_id", "picture_url", "profile_bio", "updated_at", "created_at") values (Prof. Cleo Buckridge, veronica07@denesik.com, y$GmaRrOmyWIqJu5iYJYPzU.vG.F8vmM2T.AYU7IcMhb6mSiJuDljk6, nyQ3epmAZb, 1, http://www.zemlak.biz/reiciendis-nihil-explicabo-dolor-voluptas-qui, Florencio Boyer III, 2016-05-05 14:30:52, 2016-05-05 14:30:52))

/Users/andeladev/Code/learnanytime/vendor/laravel/framework/src/Illuminate/Database/Connection.php:673
/Users/andeladev/Code/learnanytime/vendor/laravel/framework/src/Illuminate/Database/Connection.php:629
/Users/andeladev/Code/learnanytime/vendor/laravel/framework/src/Illuminate/Database/Connection.php:409
/Users/andeladev/Code/learnanytime/vendor/laravel/framework/src/Illuminate/Database/Connection.php:365
/Users/andeladev/Code/learnanytime/vendor/laravel/framework/src/Illuminate/Database/Query/Processors/Processor.php:32
/Users/andeladev/Code/learnanytime/vendor/laravel/framework/src/Illuminate/Database/Query/Builder.php:1970
/Users/andeladev/Code/learnanytime/vendor/laravel/framework/src/Illuminate/Database/Eloquent/Builder.php:1337
/Users/andeladev/Code/learnanytime/vendor/laravel/framework/src/Illuminate/Database/Eloquent/Model.php:1621
/Users/andeladev/Code/learnanytime/vendor/laravel/framework/src/Illuminate/Database/Eloquent/Model.php:1590
/Users/andeladev/Code/learnanytime/vendor/laravel/framework/src/Illuminate/Database/Eloquent/Model.php:1481
/Users/andeladev/Code/learnanytime/vendor/laravel/framework/src/Illuminate/Database/Eloquent/FactoryBuilder.php:87
/Users/andeladev/Code/learnanytime/tests/VideoTest.php:121
/Users/andeladev/.composer/vendor/phpunit/phpunit/src/TextUI/Command.php:158
/Users/andeladev/.composer/vendor/phpunit/phpunit/src/TextUI/Command.php:109
</error>
      </testcase>
      <testcase name="testThatUrlAndDescriptionFieldsAreMissing" class="VideoTest" file="/Users/andeladev/Code/learnanytime/tests/VideoTest.php" line="139" assertions="0" time="0.323159">
        <error type="PHPUnit_Framework_ExceptionWrapper">VideoTest::testThatUrlAndDescriptionFieldsAreMissing
Illuminate\Database\QueryException: SQLSTATE[HY000]: General error: 1 table users has no column named role_id (SQL: insert into "users" ("username", "email", "password", "remember_token", "role_id", "picture_url", "profile_bio", "updated_at", "created_at") values (Prof. Vickie Wehner, uwindler@russel.net, y$YXMED/RWyKWG2sBqmn.8D.rPQZ1cHafimrVV3LTgqi1CvwSZ2/NcW, 92mI8ufdG3, 1, https://kassulke.com/dolores-ut-debitis-ab.html, Dr. Trevor Hartmann Sr., 2016-05-05 14:30:53, 2016-05-05 14:30:53))

/Users/andeladev/Code/learnanytime/vendor/laravel/framework/src/Illuminate/Database/Connection.php:673
/Users/andeladev/Code/learnanytime/vendor/laravel/framework/src/Illuminate/Database/Connection.php:629
/Users/andeladev/Code/learnanytime/vendor/laravel/framework/src/Illuminate/Database/Connection.php:409
/Users/andeladev/Code/learnanytime/vendor/laravel/framework/src/Illuminate/Database/Connection.php:365
/Users/andeladev/Code/learnanytime/vendor/laravel/framework/src/Illuminate/Database/Query/Processors/Processor.php:32
/Users/andeladev/Code/learnanytime/vendor/laravel/framework/src/Illuminate/Database/Query/Builder.php:1970
/Users/andeladev/Code/learnanytime/vendor/laravel/framework/src/Illuminate/Database/Eloquent/Builder.php:1337
/Users/andeladev/Code/learnanytime/vendor/laravel/framework/src/Illuminate/Database/Eloquent/Model.php:1621
/Users/andeladev/Code/learnanytime/vendor/laravel/framework/src/Illuminate/Database/Eloquent/Model.php:1590
/Users/andeladev/Code/learnanytime/vendor/laravel/framework/src/Illuminate/Database/Eloquent/Model.php:1481
/Users/andeladev/Code/learnanytime/vendor/laravel/framework/src/Illuminate/Database/Eloquent/FactoryBuilder.php:87
/Users/andeladev/Code/learnanytime/tests/VideoTest.php:141
/Users/andeladev/.composer/vendor/phpunit/phpunit/src/TextUI/Command.php:158
/Users/andeladev/.composer/vendor/phpunit/phpunit/src/TextUI/Command.php:109
</error>
      </testcase>
      <testcase name="testThatCategoryAndTitleFieldsAreMissing" class="VideoTest" file="/Users/andeladev/Code/learnanytime/tests/VideoTest.php" line="159" assertions="0" time="0.328468">
        <error type="PHPUnit_Framework_ExceptionWrapper">VideoTest::testThatCategoryAndTitleFieldsAreMissing
Illuminate\Database\QueryException: SQLSTATE[HY000]: General error: 1 table users has no column named role_id (SQL: insert into "users" ("username", "email", "password", "remember_token", "role_id", "picture_url", "profile_bio", "updated_at", "created_at") values (Celestine Cremin Sr., volkman.damien@hansen.org, y$oclVT0g8uhuZ/F4Es.ZR2eksNT974lbkaqC5nB9f2euNPOtHdcZri, sVqEnuJVhj, 1, http://nicolas.com/soluta-non-ad-dolorem-dolore-pariatur-quod, Dr. Jakayla Maggio I, 2016-05-05 14:30:53, 2016-05-05 14:30:53))

/Users/andeladev/Code/learnanytime/vendor/laravel/framework/src/Illuminate/Database/Connection.php:673
/Users/andeladev/Code/learnanytime/vendor/laravel/framework/src/Illuminate/Database/Connection.php:629
/Users/andeladev/Code/learnanytime/vendor/laravel/framework/src/Illuminate/Database/Connection.php:409
/Users/andeladev/Code/learnanytime/vendor/laravel/framework/src/Illuminate/Database/Connection.php:365
/Users/andeladev/Code/learnanytime/vendor/laravel/framework/src/Illuminate/Database/Query/Processors/Processor.php:32
/Users/andeladev/Code/learnanytime/vendor/laravel/framework/src/Illuminate/Database/Query/Builder.php:1970
/Users/andeladev/Code/learnanytime/vendor/laravel/framework/src/Illuminate/Database/Eloquent/Builder.php:1337
/Users/andeladev/Code/learnanytime/vendor/laravel/framework/src/Illuminate/Database/Eloquent/Model.php:1621
/Users/andeladev/Code/learnanytime/vendor/laravel/framework/src/Illuminate/Database/Eloquent/Model.php:1590
/Users/andeladev/Code/learnanytime/vendor/laravel/framework/src/Illuminate/Database/Eloquent/Model.php:1481
/Users/andeladev/Code/learnanytime/vendor/laravel/framework/src/Illuminate/Database/Eloquent/FactoryBuilder.php:87
/Users/andeladev/Code/learnanytime/tests/VideoTest.php:161
/Users/andeladev/.composer/vendor/phpunit/phpunit/src/TextUI/Command.php:158
/Users/andeladev/.composer/vendor/phpunit/phpunit/src/TextUI/Command.php:109
</error>
      </testcase>
      <testcase name="testThatTitleAndDescriptionFieldsAreMissing" class="VideoTest" file="/Users/andeladev/Code/learnanytime/tests/VideoTest.php" line="179" assertions="0" time="0.319307">
        <error type="PHPUnit_Framework_ExceptionWrapper">VideoTest::testThatTitleAndDescriptionFieldsAreMissing
Illuminate\Database\QueryException: SQLSTATE[HY000]: General error: 1 table users has no column named role_id (SQL: insert into "users" ("username", "email", "password", "remember_token", "role_id", "picture_url", "profile_bio", "updated_at", "created_at") values (Cathrine Jaskolski, hboehm@weimann.com, y$hIZP2KoxrpXecxjk309Hz.bN3pDH6PX1uDcV4uSab/XlTq/SpW/GG, PlbN6aoS0J, 1, http://www.ledner.com/fugit-rerum-nam-voluptatem-delectus-perferendis.html, Ms. Brisa Zboncak, 2016-05-05 14:30:53, 2016-05-05 14:30:53))

/Users/andeladev/Code/learnanytime/vendor/laravel/framework/src/Illuminate/Database/Connection.php:673
/Users/andeladev/Code/learnanytime/vendor/laravel/framework/src/Illuminate/Database/Connection.php:629
/Users/andeladev/Code/learnanytime/vendor/laravel/framework/src/Illuminate/Database/Connection.php:409
/Users/andeladev/Code/learnanytime/vendor/laravel/framework/src/Illuminate/Database/Connection.php:365
/Users/andeladev/Code/learnanytime/vendor/laravel/framework/src/Illuminate/Database/Query/Processors/Processor.php:32
/Users/andeladev/Code/learnanytime/vendor/laravel/framework/src/Illuminate/Database/Query/Builder.php:1970
/Users/andeladev/Code/learnanytime/vendor/laravel/framework/src/Illuminate/Database/Eloquent/Builder.php:1337
/Users/andeladev/Code/learnanytime/vendor/laravel/framework/src/Illuminate/Database/Eloquent/Model.php:1621
/Users/andeladev/Code/learnanytime/vendor/laravel/framework/src/Illuminate/Database/Eloquent/Model.php:1590
/Users/andeladev/Code/learnanytime/vendor/laravel/framework/src/Illuminate/Database/Eloquent/Model.php:1481
/Users/andeladev/Code/learnanytime/vendor/laravel/framework/src/Illuminate/Database/Eloquent/FactoryBuilder.php:87
/Users/andeladev/Code/learnanytime/tests/VideoTest.php:181
/Users/andeladev/.composer/vendor/phpunit/phpunit/src/TextUI/Command.php:158
/Users/andeladev/.composer/vendor/phpunit/phpunit/src/TextUI/Command.php:109
</error>
      </testcase>
      <testcase name="testThatCategoryAndUrlFieldsAreMissing" class="VideoTest" file="/Users/andeladev/Code/learnanytime/tests/VideoTest.php" line="199" assertions="0" time="0.323761">
        <error type="PHPUnit_Framework_ExceptionWrapper">VideoTest::testThatCategoryAndUrlFieldsAreMissing
Illuminate\Database\QueryException: SQLSTATE[HY000]: General error: 1 table users has no column named role_id (SQL: insert into "users" ("username", "email", "password", "remember_token", "role_id", "picture_url", "profile_bio", "updated_at", "created_at") values (Ms. Kelly Grady DDS, carolyn.schimmel@tillman.biz, y$SAJ.MbaH8EcAo3H2RK8.ouhDO4ztful8vNLcuyhIc5YahUJU894k2, 3QITo6pGjz, 1, http://borer.info/ut-qui-nihil-odio-voluptatibus, Dr. Angelita Medhurst IV, 2016-05-05 14:30:54, 2016-05-05 14:30:54))

/Users/andeladev/Code/learnanytime/vendor/laravel/framework/src/Illuminate/Database/Connection.php:673
/Users/andeladev/Code/learnanytime/vendor/laravel/framework/src/Illuminate/Database/Connection.php:629
/Users/andeladev/Code/learnanytime/vendor/laravel/framework/src/Illuminate/Database/Connection.php:409
/Users/andeladev/Code/learnanytime/vendor/laravel/framework/src/Illuminate/Database/Connection.php:365
/Users/andeladev/Code/learnanytime/vendor/laravel/framework/src/Illuminate/Database/Query/Processors/Processor.php:32
/Users/andeladev/Code/learnanytime/vendor/laravel/framework/src/Illuminate/Database/Query/Builder.php:1970
/Users/andeladev/Code/learnanytime/vendor/laravel/framework/src/Illuminate/Database/Eloquent/Builder.php:1337
/Users/andeladev/Code/learnanytime/vendor/laravel/framework/src/Illuminate/Database/Eloquent/Model.php:1621
/Users/andeladev/Code/learnanytime/vendor/laravel/framework/src/Illuminate/Database/Eloquent/Model.php:1590
/Users/andeladev/Code/learnanytime/vendor/laravel/framework/src/Illuminate/Database/Eloquent/Model.php:1481
/Users/andeladev/Code/learnanytime/vendor/laravel/framework/src/Illuminate/Database/Eloquent/FactoryBuilder.php:87
/Users/andeladev/Code/learnanytime/tests/VideoTest.php:201
/Users/andeladev/.composer/vendor/phpunit/phpunit/src/TextUI/Command.php:158
/Users/andeladev/.composer/vendor/phpunit/phpunit/src/TextUI/Command.php:109
</error>
      </testcase>
      <testcase name="testThatVideoWasUpdated" class="VideoTest" file="/Users/andeladev/Code/learnanytime/tests/VideoTest.php" line="219" assertions="0" time="0.309232">
        <error type="PHPUnit_Framework_ExceptionWrapper">VideoTest::testThatVideoWasUpdated
Illuminate\Database\QueryException: SQLSTATE[HY000]: General error: 1 table users has no column named role_id (SQL: insert into "users" ("username", "email", "password", "remember_token", "role_id", "picture_url", "profile_bio", "updated_at", "created_at") values (Wilford Goldner, denis.bergnaum@gmail.com, yKQVpbg2WTQRz/jH4l.XevriPljhe71jFG1Y/C9T1WIomXJdia/e, mp8Uvt5PO2, 1, http://kirlin.info/veniam-porro-odit-aut, Macy Erdman, 2016-05-05 14:30:54, 2016-05-05 14:30:54))

/Users/andeladev/Code/learnanytime/vendor/laravel/framework/src/Illuminate/Database/Connection.php:673
/Users/andeladev/Code/learnanytime/vendor/laravel/framework/src/Illuminate/Database/Connection.php:629
/Users/andeladev/Code/learnanytime/vendor/laravel/framework/src/Illuminate/Database/Connection.php:409
/Users/andeladev/Code/learnanytime/vendor/laravel/framework/src/Illuminate/Database/Connection.php:365
/Users/andeladev/Code/learnanytime/vendor/laravel/framework/src/Illuminate/Database/Query/Processors/Processor.php:32
/Users/andeladev/Code/learnanytime/vendor/laravel/framework/src/Illuminate/Database/Query/Builder.php:1970
/Users/andeladev/Code/learnanytime/vendor/laravel/framework/src/Illuminate/Database/Eloquent/Builder.php:1337
/Users/andeladev/Code/learnanytime/vendor/laravel/framework/src/Illuminate/Database/Eloquent/Model.php:1621
/Users/andeladev/Code/learnanytime/vendor/laravel/framework/src/Illuminate/Database/Eloquent/Model.php:1590
/Users/andeladev/Code/learnanytime/vendor/laravel/framework/src/Illuminate/Database/Eloquent/Model.php:1481
/Users/andeladev/Code/learnanytime/vendor/laravel/framework/src/Illuminate/Database/Eloquent/FactoryBuilder.php:87
/Users/andeladev/Code/learnanytime/tests/VideoTest.php:221
/Users/andeladev/.composer/vendor/phpunit/phpunit/src/TextUI/Command.php:158
/Users/andeladev/.composer/vendor/phpunit/phpunit/src/TextUI/Command.php:109
</error>
      </testcase>
      <testcase name="testThatASingleVideoWasRetrived" class="VideoTest" file="/Users/andeladev/Code/learnanytime/tests/VideoTest.php" line="239" assertions="0" time="0.315168">
        <error type="PHPUnit_Framework_ExceptionWrapper">VideoTest::testThatASingleVideoWasRetrived
Illuminate\Database\QueryException: SQLSTATE[HY000]: General error: 1 table users has no column named role_id (SQL: insert into "users" ("username", "email", "password", "remember_token", "role_id", "picture_url", "profile_bio", "updated_at", "created_at") values (Ole Douglas, gmann@yahoo.com, y$xE6whe9UO7e9dpU9mQIldelXjn00OC1Gp2a9LN7nHx65yTJ2AboWm, g6DKmwzPc2, 1, http://www.heathcote.net/, Brando Jacobson, 2016-05-05 14:30:54, 2016-05-05 14:30:54))

/Users/andeladev/Code/learnanytime/vendor/laravel/framework/src/Illuminate/Database/Connection.php:673
/Users/andeladev/Code/learnanytime/vendor/laravel/framework/src/Illuminate/Database/Connection.php:629
/Users/andeladev/Code/learnanytime/vendor/laravel/framework/src/Illuminate/Database/Connection.php:409
/Users/andeladev/Code/learnanytime/vendor/laravel/framework/src/Illuminate/Database/Connection.php:365
/Users/andeladev/Code/learnanytime/vendor/laravel/framework/src/Illuminate/Database/Query/Processors/Processor.php:32
/Users/andeladev/Code/learnanytime/vendor/laravel/framework/src/Illuminate/Database/Query/Builder.php:1970
/Users/andeladev/Code/learnanytime/vendor/laravel/framework/src/Illuminate/Database/Eloquent/Builder.php:1337
/Users/andeladev/Code/learnanytime/vendor/laravel/framework/src/Illuminate/Database/Eloquent/Model.php:1621
/Users/andeladev/Code/learnanytime/vendor/laravel/framework/src/Illuminate/Database/Eloquent/Model.php:1590
/Users/andeladev/Code/learnanytime/vendor/laravel/framework/src/Illuminate/Database/Eloquent/Model.php:1481
/Users/andeladev/Code/learnanytime/vendor/laravel/framework/src/Illuminate/Database/Eloquent/FactoryBuilder.php:87
/Users/andeladev/Code/learnanytime/tests/VideoTest.php:241
/Users/andeladev/.composer/vendor/phpunit/phpunit/src/TextUI/Command.php:158
/Users/andeladev/.composer/vendor/phpunit/phpunit/src/TextUI/Command.php:109
</error>
      </testcase>
      <testcase name="testgetAllVideos" class="VideoTest" file="/Users/andeladev/Code/learnanytime/tests/VideoTest.php" line="255" assertions="0" time="0.321104">
        <error type="PHPUnit_Framework_ExceptionWrapper">VideoTest::testgetAllVideos
Illuminate\Database\QueryException: SQLSTATE[HY000]: General error: 1 table users has no column named role_id (SQL: insert into "users" ("username", "email", "password", "remember_token", "role_id", "picture_url", "profile_bio", "updated_at", "created_at") values (Cassandra Streich III, saige.kub@haley.com, y$vB4MSgZPB/wpw3mrlt3nnerNOeljvEu3Xu3R1yShKp0cEAawVl3B., XkCsi9r0N4, 1, https://roob.com/est-et-molestias-at-quos-dignissimos-et-aut.html, Prof. Magdalena Rolfson Sr., 2016-05-05 14:30:55, 2016-05-05 14:30:55))

/Users/andeladev/Code/learnanytime/vendor/laravel/framework/src/Illuminate/Database/Connection.php:673
/Users/andeladev/Code/learnanytime/vendor/laravel/framework/src/Illuminate/Database/Connection.php:629
/Users/andeladev/Code/learnanytime/vendor/laravel/framework/src/Illuminate/Database/Connection.php:409
/Users/andeladev/Code/learnanytime/vendor/laravel/framework/src/Illuminate/Database/Connection.php:365
/Users/andeladev/Code/learnanytime/vendor/laravel/framework/src/Illuminate/Database/Query/Processors/Processor.php:32
/Users/andeladev/Code/learnanytime/vendor/laravel/framework/src/Illuminate/Database/Query/Builder.php:1970
/Users/andeladev/Code/learnanytime/vendor/laravel/framework/src/Illuminate/Database/Eloquent/Builder.php:1337
/Users/andeladev/Code/learnanytime/vendor/laravel/framework/src/Illuminate/Database/Eloquent/Model.php:1621
/Users/andeladev/Code/learnanytime/vendor/laravel/framework/src/Illuminate/Database/Eloquent/Model.php:1590
/Users/andeladev/Code/learnanytime/vendor/laravel/framework/src/Illuminate/Database/Eloquent/Model.php:1481
/Users/andeladev/Code/learnanytime/vendor/laravel/framework/src/Illuminate/Database/Eloquent/FactoryBuilder.php:87
/Users/andeladev/Code/learnanytime/tests/VideoTest.php:257
/Users/andeladev/.composer/vendor/phpunit/phpunit/src/TextUI/Command.php:158
/Users/andeladev/.composer/vendor/phpunit/phpunit/src/TextUI/Command.php:109
</error>
      </testcase>
      <testcase name="testchangeVideoStatus" class="VideoTest" file="/Users/andeladev/Code/learnanytime/tests/VideoTest.php" line="273" assertions="0" time="0.321756">
        <error type="PHPUnit_Framework_ExceptionWrapper">VideoTest::testchangeVideoStatus
Illuminate\Database\QueryException: SQLSTATE[HY000]: General error: 1 table users has no column named role_id (SQL: insert into "users" ("username", "email", "password", "remember_token", "role_id", "picture_url", "profile_bio", "updated_at", "created_at") values (Emmy Halvorson, uritchie@terry.com, y$ToQBMmdmrgH3uzZ81Xo0Ue4m5D8YPYXPFWrn98g./pnSJzyeIrSbC, DVqKg7HSJj, 1, http://sawayn.info/accusantium-odit-deserunt-velit-voluptatem-est-nihil.html, Jayme Hane, 2016-05-05 14:30:55, 2016-05-05 14:30:55))

/Users/andeladev/Code/learnanytime/vendor/laravel/framework/src/Illuminate/Database/Connection.php:673
/Users/andeladev/Code/learnanytime/vendor/laravel/framework/src/Illuminate/Database/Connection.php:629
/Users/andeladev/Code/learnanytime/vendor/laravel/framework/src/Illuminate/Database/Connection.php:409
/Users/andeladev/Code/learnanytime/vendor/laravel/framework/src/Illuminate/Database/Connection.php:365
/Users/andeladev/Code/learnanytime/vendor/laravel/framework/src/Illuminate/Database/Query/Processors/Processor.php:32
/Users/andeladev/Code/learnanytime/vendor/laravel/framework/src/Illuminate/Database/Query/Builder.php:1970
/Users/andeladev/Code/learnanytime/vendor/laravel/framework/src/Illuminate/Database/Eloquent/Builder.php:1337
/Users/andeladev/Code/learnanytime/vendor/laravel/framework/src/Illuminate/Database/Eloquent/Model.php:1621
/Users/andeladev/Code/learnanytime/vendor/laravel/framework/src/Illuminate/Database/Eloquent/Model.php:1590
/Users/andeladev/Code/learnanytime/vendor/laravel/framework/src/Illuminate/Database/Eloquent/Model.php:1481
/Users/andeladev/Code/learnanytime/vendor/laravel/framework/src/Illuminate/Database/Eloquent/FactoryBuilder.php:87
/Users/andeladev/Code/learnanytime/tests/VideoTest.php:275
/Users/andeladev/.composer/vendor/phpunit/phpunit/src/TextUI/Command.php:158
/Users/andeladev/.composer/vendor/phpunit/phpunit/src/TextUI/Command.php:109
</error>
      </testcase>
    </testsuite>
  </testsuite>
</testsuites>
